TN:
SF:src\components\App\App.tsx
FN:5,App
FNF:1
FNH:1
FNDA:1,App
DA:1,1
DA:2,1
DA:3,1
DA:4,1
DA:5,1
DA:6,1
DA:7,1
DA:8,1
DA:9,1
DA:10,1
DA:11,1
DA:12,1
DA:13,1
DA:14,1
DA:15,1
DA:16,1
DA:17,1
DA:18,1
DA:19,1
LF:19
LH:19
BRDA:5,0,0,1
BRF:1
BRH:1
end_of_record
TN:
SF:src\components\Header\Header.tsx
FN:3,Header
FNF:1
FNH:1
FNDA:2,Header
DA:1,1
DA:2,1
DA:3,1
DA:4,2
DA:5,2
DA:6,2
DA:7,2
DA:8,2
DA:9,2
DA:10,1
DA:11,1
LF:11
LH:11
BRDA:3,0,0,2
BRF:1
BRH:1
end_of_record
TN:
SF:src\components\Header\HeaderStyled.ts
FN:4,__vite_ssr_import_0__.styled.header.theme.theme
FN:5,__vite_ssr_import_0__.styled.header.theme.theme
FN:6,__vite_ssr_import_0__.styled.header.theme.theme
FNF:3
FNH:3
FNDA:2,__vite_ssr_import_0__.styled.header.theme.theme
FNDA:2,__vite_ssr_import_0__.styled.header.theme.theme
FNDA:2,__vite_ssr_import_0__.styled.header.theme.theme
DA:1,1
DA:2,1
DA:3,1
DA:4,1
DA:5,1
DA:6,1
DA:7,1
DA:8,1
DA:9,1
DA:10,1
DA:11,1
DA:12,1
DA:13,1
DA:14,1
DA:15,1
DA:16,1
LF:16
LH:16
BRDA:4,0,0,2
BRDA:5,1,0,2
BRDA:6,2,0,2
BRDA:7,3,0,2
BRF:4
BRH:4
end_of_record
TN:
SF:src\components\HomePage\HomePage.tsx
FN:8,HomePage
FNF:1
FNH:1
FNDA:2,HomePage
DA:1,1
DA:2,1
DA:3,1
DA:4,1
DA:5,1
DA:6,1
DA:7,1
DA:8,1
DA:9,2
DA:10,2
DA:11,2
DA:12,2
DA:13,2
DA:14,2
DA:15,2
DA:16,2
DA:17,2
DA:18,2
DA:19,2
DA:20,2
DA:21,2
DA:22,2
DA:23,2
DA:24,2
DA:25,2
DA:26,1
DA:27,1
LF:27
LH:27
BRDA:8,0,0,2
BRDA:12,1,0,2
BRDA:13,2,0,2
BRF:3
BRH:3
end_of_record
TN:
SF:src\components\HomePage\HomePageStyled.ts
FNF:0
FNH:0
DA:1,1
DA:2,1
DA:3,1
DA:4,1
DA:5,1
DA:6,1
DA:7,1
DA:8,1
DA:9,1
LF:9
LH:9
BRF:0
BRH:0
end_of_record
TN:
SF:src\components\UserCard\UserCard.tsx
FN:8,UserCard
FNF:1
FNH:1
FNDA:3,UserCard
DA:1,1
DA:2,1
DA:3,1
DA:4,1
DA:5,1
DA:6,1
DA:7,1
DA:8,1
DA:9,3
DA:10,3
DA:11,3
DA:12,3
DA:13,3
DA:14,3
DA:15,3
DA:16,3
DA:17,1
DA:18,1
LF:18
LH:18
BRDA:8,0,0,3
BRDA:12,1,0,2
BRDA:12,2,0,1
BRF:3
BRH:3
end_of_record
TN:
SF:src\components\UserCard\UserCardStyled.ts
FNF:0
FNH:0
DA:1,1
DA:2,1
DA:3,1
DA:4,1
DA:5,1
DA:6,1
DA:7,1
DA:8,1
DA:9,1
LF:9
LH:9
BRF:0
BRH:0
end_of_record
TN:
SF:src\components\UserList\UserList.tsx
FN:6,UserList
FNF:1
FNH:1
FNDA:3,UserList
DA:1,1
DA:2,1
DA:3,1
DA:4,1
DA:5,1
DA:6,1
DA:7,3
DA:8,3
DA:9,3
DA:10,3
DA:11,3
DA:12,3
DA:13,3
DA:14,3
DA:15,3
DA:16,3
DA:17,3
DA:18,3
DA:19,1
DA:20,1
LF:20
LH:20
BRDA:6,0,0,3
BRDA:7,1,0,6
BRF:2
BRH:2
end_of_record
TN:
SF:src\components\UserList\UserListStyled.ts
FNF:0
FNH:0
DA:1,1
DA:2,1
DA:3,1
DA:4,1
DA:5,1
DA:6,1
DA:7,1
DA:8,1
DA:9,1
LF:9
LH:9
BRF:0
BRH:0
end_of_record
TN:
SF:src\hooks\UseApiUsers.ts
FN:4,useApiUsers
FNF:1
FNH:1
FNDA:3,useApiUsers
DA:1,1
DA:2,1
DA:3,1
DA:4,1
DA:5,3
DA:6,3
DA:7,3
DA:8,3
DA:9,3
DA:10,3
DA:11,3
DA:12,3
DA:13,3
DA:14,3
DA:15,1
DA:16,1
LF:16
LH:16
BRDA:4,0,0,3
BRDA:7,1,0,3
BRF:2
BRH:2
end_of_record
TN:
SF:src\mocks\handlers.ts
FNF:0
FNH:0
DA:1,1
DA:2,1
DA:3,1
DA:4,1
DA:5,1
DA:6,1
DA:7,1
DA:8,1
DA:9,3
DA:10,3
DA:11,1
LF:11
LH:11
BRDA:8,0,0,3
BRF:1
BRH:1
end_of_record
TN:
SF:src\mocks\main.ts
FNF:0
FNH:0
DA:1,1
DA:2,1
DA:3,1
DA:4,1
LF:4
LH:4
BRF:0
BRH:0
end_of_record
TN:
SF:src\mocks\mockData.ts
FNF:0
FNH:0
DA:1,1
DA:2,1
DA:3,1
DA:4,1
DA:5,1
DA:6,1
DA:7,1
DA:8,1
DA:9,1
DA:10,1
DA:11,1
DA:12,1
DA:13,1
DA:14,1
DA:15,1
DA:16,1
DA:17,1
DA:18,1
LF:18
LH:18
BRF:0
BRH:0
end_of_record
TN:
SF:src\store\hooks.ts
FNF:0
FNH:0
DA:1,1
DA:2,1
DA:3,1
DA:4,1
DA:5,1
DA:6,1
LF:6
LH:6
BRF:0
BRH:0
end_of_record
TN:
SF:src\store\index.ts
FNF:0
FNH:0
DA:1,1
DA:2,1
DA:3,1
DA:4,1
DA:5,1
DA:6,1
DA:7,1
DA:8,1
DA:9,1
DA:10,1
DA:11,1
DA:12,1
DA:13,1
DA:14,1
DA:15,1
DA:16,1
DA:17,1
DA:18,1
DA:19,1
DA:20,1
DA:21,1
DA:22,1
DA:23,1
DA:24,1
LF:24
LH:24
BRF:0
BRH:0
end_of_record
TN:
SF:src\store\feature\user\userSlice.tsx
FN:12,loadUsers
FNF:1
FNH:1
FNDA:3,loadUsers
DA:1,1
DA:2,1
DA:3,1
DA:4,1
DA:5,1
DA:6,1
DA:7,1
DA:8,1
DA:9,1
DA:10,1
DA:11,1
DA:12,1
DA:13,3
DA:14,3
DA:15,3
DA:16,1
DA:17,1
DA:18,1
DA:19,1
DA:20,1
LF:20
LH:20
BRDA:12,0,0,3
BRDA:14,1,0,6
BRF:2
BRH:2
end_of_record
TN:
SF:src\styles\GlobalStyled.ts
FN:1,(empty-report)
FNF:1
FNH:0
FNDA:0,(empty-report)
DA:1,0
DA:2,0
DA:3,0
DA:4,0
DA:5,0
DA:6,0
DA:7,0
DA:8,0
DA:9,0
DA:10,0
DA:11,0
DA:12,0
DA:13,0
DA:14,0
DA:15,0
DA:16,0
DA:17,0
DA:18,0
DA:19,0
DA:20,0
DA:21,0
DA:22,0
DA:23,0
DA:24,0
DA:25,0
DA:26,0
DA:27,0
DA:28,0
DA:29,0
DA:30,0
DA:31,0
DA:32,0
DA:33,0
DA:34,0
DA:35,0
DA:36,0
DA:37,0
DA:38,0
DA:39,0
DA:40,0
DA:41,0
DA:42,0
LF:42
LH:0
BRDA:1,0,0,0
BRF:1
BRH:0
end_of_record
TN:
SF:src\styles\mainTheme.ts
FNF:0
FNH:0
DA:1,1
DA:2,1
DA:3,1
DA:4,1
DA:5,1
DA:6,1
DA:7,1
DA:8,1
DA:9,1
DA:10,1
DA:11,1
DA:12,1
DA:13,1
DA:14,1
DA:15,1
DA:16,1
DA:17,1
DA:18,1
DA:19,1
DA:20,1
DA:21,1
LF:21
LH:21
BRF:0
BRH:0
end_of_record
TN:
SF:src\utils\setUpStore.tsx
FN:6,setupStore
FNF:1
FNH:1
FNDA:3,setupStore
DA:1,1
DA:2,1
DA:3,1
DA:4,1
DA:5,1
DA:6,1
DA:7,3
DA:8,3
DA:9,3
DA:10,3
DA:11,3
LF:11
LH:11
BRDA:6,0,0,3
BRF:1
BRH:1
end_of_record
TN:
SF:src\utils\test\customRender.tsx
FN:21,customRender
FNF:1
FNH:1
FNDA:5,customRender
DA:1,1
DA:2,1
DA:3,1
DA:4,1
DA:5,1
DA:6,1
DA:7,1
DA:8,1
DA:9,1
DA:10,1
DA:11,1
DA:12,1
DA:13,1
DA:14,1
DA:15,1
DA:16,1
DA:17,1
DA:18,1
DA:19,1
DA:20,1
DA:21,1
DA:22,5
DA:23,5
DA:24,5
DA:25,5
DA:26,5
DA:27,5
DA:28,5
DA:29,5
DA:30,5
DA:31,5
DA:32,5
DA:33,5
DA:34,5
DA:35,5
DA:36,5
DA:37,2
DA:38,3
DA:39,5
DA:40,5
DA:41,5
DA:42,3
DA:43,3
DA:44,3
DA:45,5
DA:46,5
DA:47,1
DA:48,1
DA:49,1
DA:50,1
DA:51,1
DA:52,1
DA:53,1
DA:54,5
DA:55,5
DA:56,5
DA:57,1
DA:58,1
LF:58
LH:58
BRDA:21,0,0,5
BRDA:35,1,0,2
BRDA:36,2,0,2
BRDA:37,3,0,3
BRDA:41,4,0,3
BRDA:44,5,0,2
BRDA:46,6,0,1
BRDA:48,7,0,0
BRDA:53,8,0,4
BRF:9
BRH:8
end_of_record
